This is pdfTeX, Version 3.14159265-2.6-1.40.18 (MiKTeX 2.9.6350 64-bit) (preloaded format=pdflatex 2017.6.13)  14 AUG 2018 15:14
entering extended mode
**./MLSB.tex
(MLSB.tex
LaTeX2e <2017-04-15>
Babel <3.10> and hyphenation patterns for 75 language(s) loaded.
(C:\Workprogs\MikTeXv29\tex\latex\elsarticle\elsarticle.cls
Document Class: elsarticle 2009/09/17, 1.2.0: Elsevier Ltd
\@bls=\dimen102
(C:\Workprogs\MikTeXv29\tex\latex\base\article.cls
Document Class: article 2014/09/29 v1.4h Standard LaTeX document class
(C:\Workprogs\MikTeXv29\tex\latex\base\size10.clo
File: size10.clo 2014/09/29 v1.4h Standard LaTeX file (size option)
)
\c@part=\count79
\c@section=\count80
\c@subsection=\count81
\c@subsubsection=\count82
\c@paragraph=\count83
\c@subparagraph=\count84
\c@figure=\count85
\c@table=\count86
\abovecaptionskip=\skip41
\belowcaptionskip=\skip42
\bibindent=\dimen103
)
(C:\Workprogs\MikTeXv29\tex\latex\graphics\graphicx.sty
Package: graphicx 2014/10/28 v1.0g Enhanced LaTeX Graphics (DPC,SPQR)

(C:\Workprogs\MikTeXv29\tex\latex\graphics\keyval.sty
Package: keyval 2014/10/28 v1.15 key=value parser (DPC)
\KV@toks@=\toks14
)
(C:\Workprogs\MikTeXv29\tex\latex\graphics\graphics.sty
Package: graphics 2017/04/14 v1.1b Standard LaTeX Graphics (DPC,SPQR)

(C:\Workprogs\MikTeXv29\tex\latex\graphics\trig.sty
Package: trig 2016/01/03 v1.10 sin cos tan (DPC)
)
(C:\Workprogs\MikTeXv29\tex\latex\graphics-cfg\graphics.cfg
File: graphics.cfg 2016/06/04 v1.11 sample graphics configuration
)
Package graphics Info: Driver file: pdftex.def on input line 99.

(C:\Workprogs\MikTeXv29\tex\latex\graphics-def\pdftex.def
File: pdftex.def 2017/01/12 v0.06k Graphics/color for pdfTeX

(C:\Workprogs\MikTeXv29\tex\generic\oberdiek\infwarerr.sty
Package: infwarerr 2016/05/16 v1.4 Providing info/warning/error messages (HO)
)
(C:\Workprogs\MikTeXv29\tex\generic\oberdiek\ltxcmds.sty
Package: ltxcmds 2016/05/16 v1.23 LaTeX kernel commands for general use (HO)
)
\Gread@gobject=\count87
))
\Gin@req@height=\dimen104
\Gin@req@width=\dimen105
)
(C:\Workprogs\MikTeXv29\tex\latex\psnfss\pifont.sty
Package: pifont 2005/04/12 PSNFSS-v9.2a Pi font support (SPQR) 
LaTeX Font Info:    Try loading font information for U+pzd on input line 63.

(C:\Workprogs\MikTeXv29\tex\latex\psnfss\upzd.fd
File: upzd.fd 2001/06/04 font definitions for U/pzd.
)
LaTeX Font Info:    Try loading font information for U+psy on input line 64.

(C:\Workprogs\MikTeXv29\tex\latex\psnfss\upsy.fd
File: upsy.fd 2001/06/04 font definitions for U/psy.
))
\c@tnote=\count88
\c@fnote=\count89
\c@cnote=\count90
\c@ead=\count91
\c@author=\count92
\@eadauthor=\toks15
\c@affn=\count93
\absbox=\box26
\keybox=\box27
\Columnwidth=\dimen106
\space@left=\dimen107
\els@boxa=\box28
\els@boxb=\box29
\leftMargin=\dimen108
\@enLab=\toks16
\@sep=\skip43
\@@sep=\skip44
 (MLSB.spl)
(C:\Workprogs\MikTeXv29\tex\latex\natbib\natbib.sty
Package: natbib 2010/09/13 8.31b (PWD, AO)
\bibhang=\skip45
\bibsep=\skip46
LaTeX Info: Redefining \cite on input line 694.
\c@NAT@ctr=\count94
)
\splwrite=\write3
\openout3 = `MLSB.spl'.

)
(C:\Workprogs\MikTeXv29\tex\latex\preprint\fullpage.sty
Package: fullpage 1999/02/23 1.1 (PWD)
\FP@margin=\skip47
)
(C:\Workprogs\MikTeXv29\tex\latex\caption\caption.sty
Package: caption 2016/02/21 v3.3-144 Customizing captions (AR)

(C:\Workprogs\MikTeXv29\tex\latex\caption\caption3.sty
Package: caption3 2016/05/22 v1.7-166 caption3 kernel (AR)
Package caption3 Info: TeX engine: e-TeX on input line 67.
\captionmargin=\dimen109
\captionmargin@=\dimen110
\captionwidth=\dimen111
\caption@tempdima=\dimen112
\caption@indent=\dimen113
\caption@parindent=\dimen114
\caption@hangindent=\dimen115
)
\c@ContinuedFloat=\count95
)
(C:\Workprogs\MikTeXv29\tex\latex\amsmath\amsmath.sty
Package: amsmath 2016/11/05 v2.16a AMS math features
\@mathmargin=\skip48

For additional information on amsmath, use the `?' option.
(C:\Workprogs\MikTeXv29\tex\latex\amsmath\amstext.sty
Package: amstext 2000/06/29 v2.01 AMS text

(C:\Workprogs\MikTeXv29\tex\latex\amsmath\amsgen.sty
File: amsgen.sty 1999/11/30 v2.0 generic functions
\@emptytoks=\toks17
\ex@=\dimen116
))
(C:\Workprogs\MikTeXv29\tex\latex\amsmath\amsbsy.sty
Package: amsbsy 1999/11/29 v1.2d Bold Symbols
\pmbraise@=\dimen117
)
(C:\Workprogs\MikTeXv29\tex\latex\amsmath\amsopn.sty
Package: amsopn 2016/03/08 v2.02 operator names
)
\inf@bad=\count96
LaTeX Info: Redefining \frac on input line 213.
\uproot@=\count97
\leftroot@=\count98
LaTeX Info: Redefining \overline on input line 375.
\classnum@=\count99
\DOTSCASE@=\count100
LaTeX Info: Redefining \ldots on input line 472.
LaTeX Info: Redefining \dots on input line 475.
LaTeX Info: Redefining \cdots on input line 596.
\Mathstrutbox@=\box30
\strutbox@=\box31
\big@size=\dimen118
LaTeX Font Info:    Redeclaring font encoding OML on input line 712.
LaTeX Font Info:    Redeclaring font encoding OMS on input line 713.
\macc@depth=\count101
\c@MaxMatrixCols=\count102
\dotsspace@=\muskip10
\c@parentequation=\count103
\dspbrk@lvl=\count104
\tag@help=\toks18
\row@=\count105
\column@=\count106
\maxfields@=\count107
\andhelp@=\toks19
\eqnshift@=\dimen119
\alignsep@=\dimen120
\tagshift@=\dimen121
\tagwidth@=\dimen122
\totwidth@=\dimen123
\lineht@=\dimen124
\@envbody=\toks20
\multlinegap=\skip49
\multlinetaggap=\skip50
\mathdisplay@stack=\toks21
LaTeX Info: Redefining \[ on input line 2817.
LaTeX Info: Redefining \] on input line 2818.
)
(C:\Workprogs\MikTeXv29\tex\latex\subfigure\subfigure.sty
Package: subfigure 2002/07/30 v2.1.4 subfigure package
\subfigtopskip=\skip51
\subfigcapskip=\skip52
\subfigcaptopadj=\dimen125
\subfigbottomskip=\skip53
\subfigcapmargin=\dimen126
\subfiglabelskip=\skip54
\c@subfigure=\count108
\c@lofdepth=\count109
\c@subtable=\count110
\c@lotdepth=\count111

****************************************
* Local config file subfigure.cfg used *
****************************************
(C:\Workprogs\MikTeXv29\tex\latex\subfigure\subfigure.cfg)
\subfig@top=\skip55
\subfig@bottom=\skip56
)
(C:\Workprogs\MikTeXv29\tex\latex\tools\multicol.sty
Package: multicol 2017/04/11 v1.8q multicolumn formatting (FMi)
\c@tracingmulticols=\count112
\mult@box=\box32
\multicol@leftmargin=\dimen127
\c@unbalance=\count113
\c@collectmore=\count114
\doublecol@number=\count115
\multicoltolerance=\count116
\multicolpretolerance=\count117
\full@width=\dimen128
\page@free=\dimen129
\premulticols=\dimen130
\postmulticols=\dimen131
\multicolsep=\skip57
\multicolbaselineskip=\skip58
\partial@page=\box33
\last@line=\box34
\maxbalancingoverflow=\dimen132
\mult@rightbox=\box35
\mult@grightbox=\box36
\mult@gfirstbox=\box37
\mult@firstbox=\box38
\@tempa=\box39
\@tempa=\box40
\@tempa=\box41
\@tempa=\box42
\@tempa=\box43
\@tempa=\box44
\@tempa=\box45
\@tempa=\box46
\@tempa=\box47
\@tempa=\box48
\@tempa=\box49
\@tempa=\box50
\@tempa=\box51
\@tempa=\box52
\@tempa=\box53
\@tempa=\box54
\@tempa=\box55
\c@columnbadness=\count118
\c@finalcolumnbadness=\count119
\last@try=\dimen133
\multicolovershoot=\dimen134
\multicolundershoot=\dimen135
\mult@nat@firstbox=\box56
\colbreak@box=\box57
\mc@col@check@num=\count120
)
(C:\Workprogs\MikTeXv29\tex\latex\ltxmisc\chngpage.sty
Package: chngpage 2003/08/10 v1.2 change page layout
\c@cp@cnt=\count121
\c@cp@tempcnt=\count122
)
(C:\Workprogs\MikTeXv29\tex\latex\setspace\setspace.sty
Package: setspace 2011/12/19 v6.7a set line spacing
)
(C:\Workprogs\MikTeXv29\tex\latex\hyperref\hyperref.sty
Package: hyperref 2017/03/14 v6.85a Hypertext links for LaTeX

(C:\Workprogs\MikTeXv29\tex\generic\oberdiek\hobsub-hyperref.sty
Package: hobsub-hyperref 2016/05/16 v1.14 Bundle oberdiek, subset hyperref (HO)


(C:\Workprogs\MikTeXv29\tex\generic\oberdiek\hobsub-generic.sty
Package: hobsub-generic 2016/05/16 v1.14 Bundle oberdiek, subset generic (HO)
Package: hobsub 2016/05/16 v1.14 Construct package bundles (HO)
Package hobsub Info: Skipping package `infwarerr' (already loaded).
Package hobsub Info: Skipping package `ltxcmds' (already loaded).
Package: ifluatex 2016/05/16 v1.4 Provides the ifluatex switch (HO)
Package ifluatex Info: LuaTeX not detected.
Package: ifvtex 2016/05/16 v1.6 Detect VTeX and its facilities (HO)
Package ifvtex Info: VTeX not detected.
Package: intcalc 2016/05/16 v1.2 Expandable calculations with integers (HO)
Package: ifpdf 2017/03/15 v3.2 Provides the ifpdf switch
Package: etexcmds 2016/05/16 v1.6 Avoid name clashes with e-TeX commands (HO)
Package etexcmds Info: Could not find \expanded.
(etexcmds)             That can mean that you are not using pdfTeX 1.50 or
(etexcmds)             that some package has redefined \expanded.
(etexcmds)             In the latter case, load this package earlier.
Package: kvsetkeys 2016/05/16 v1.17 Key value parser (HO)
Package: kvdefinekeys 2016/05/16 v1.4 Define keys (HO)
Package: pdftexcmds 2017/03/19 v0.25 Utility functions of pdfTeX for LuaTeX (HO
)
Package pdftexcmds Info: LuaTeX not detected.
Package pdftexcmds Info: \pdf@primitive is available.
Package pdftexcmds Info: \pdf@ifprimitive is available.
Package pdftexcmds Info: \pdfdraftmode found.
Package: pdfescape 2016/05/16 v1.14 Implements pdfTeX's escape features (HO)
Package: bigintcalc 2016/05/16 v1.4 Expandable calculations on big integers (HO
)
Package: bitset 2016/05/16 v1.2 Handle bit-vector datatype (HO)
Package: uniquecounter 2016/05/16 v1.3 Provide unlimited unique counter (HO)
)
Package hobsub Info: Skipping package `hobsub' (already loaded).
Package: letltxmacro 2016/05/16 v1.5 Let assignment for LaTeX macros (HO)
Package: hopatch 2016/05/16 v1.3 Wrapper for package hooks (HO)
Package: xcolor-patch 2016/05/16 xcolor patch
Package: atveryend 2016/05/16 v1.9 Hooks at the very end of document (HO)
Package atveryend Info: \enddocument detected (standard20110627).
Package: atbegshi 2016/06/09 v1.18 At begin shipout hook (HO)
Package: refcount 2016/05/16 v3.5 Data extraction from label references (HO)
Package: hycolor 2016/05/16 v1.8 Color options for hyperref/bookmark (HO)
)
(C:\Workprogs\MikTeXv29\tex\generic\ifxetex\ifxetex.sty
Package: ifxetex 2010/09/12 v0.6 Provides ifxetex conditional
)
(C:\Workprogs\MikTeXv29\tex\latex\oberdiek\auxhook.sty
Package: auxhook 2016/05/16 v1.4 Hooks for auxiliary files (HO)
)
(C:\Workprogs\MikTeXv29\tex\latex\oberdiek\kvoptions.sty
Package: kvoptions 2016/05/16 v3.12 Key value format for package options (HO)
)
\@linkdim=\dimen136
\Hy@linkcounter=\count123
\Hy@pagecounter=\count124

(C:\Workprogs\MikTeXv29\tex\latex\hyperref\pd1enc.def
File: pd1enc.def 2017/03/14 v6.85a Hyperref: PDFDocEncoding definition (HO)
)
\Hy@SavedSpaceFactor=\count125

(C:\Workprogs\MikTeXv29\tex\latex\00miktex\hyperref.cfg
File: hyperref.cfg 2002/06/06 v1.2 hyperref configuration of TeXLive
)
Package hyperref Info: Option `colorlinks' set `true' on input line 4374.
Package hyperref Info: Hyper figures OFF on input line 4498.
Package hyperref Info: Link nesting OFF on input line 4503.
Package hyperref Info: Hyper index ON on input line 4506.
Package hyperref Info: Plain pages OFF on input line 4513.
Package hyperref Info: Backreferencing OFF on input line 4518.
Package hyperref Info: Implicit mode ON; LaTeX internals redefined.
Package hyperref Info: Bookmarks ON on input line 4751.
\c@Hy@tempcnt=\count126

(C:\Workprogs\MikTeXv29\tex\latex\url\url.sty
\Urlmuskip=\muskip11
Package: url 2013/09/16  ver 3.4  Verb mode for urls, etc.
)
LaTeX Info: Redefining \url on input line 5104.
\XeTeXLinkMargin=\dimen137
\Fld@menulength=\count127
\Field@Width=\dimen138
\Fld@charsize=\dimen139
Package hyperref Info: Hyper figures OFF on input line 6358.
Package hyperref Info: Link nesting OFF on input line 6363.
Package hyperref Info: Hyper index ON on input line 6366.
Package hyperref Info: backreferencing OFF on input line 6373.
Package hyperref Info: Link coloring ON on input line 6376.
Package hyperref Info: Link coloring with OCG OFF on input line 6383.
Package hyperref Info: PDF/A mode OFF on input line 6388.
LaTeX Info: Redefining \ref on input line 6428.
LaTeX Info: Redefining \pageref on input line 6432.
\Hy@abspage=\count128
\c@Item=\count129
\c@Hfootnote=\count130
)

Package hyperref Message: Driver (autodetected): hpdftex.

(C:\Workprogs\MikTeXv29\tex\latex\hyperref\hpdftex.def
File: hpdftex.def 2017/03/14 v6.85a Hyperref driver for pdfTeX
\Fld@listcount=\count131
\c@bookmark@seq@number=\count132

(C:\Workprogs\MikTeXv29\tex\latex\oberdiek\rerunfilecheck.sty
Package: rerunfilecheck 2016/05/16 v1.8 Rerun checks for auxiliary files (HO)
Package uniquecounter Info: New unique counter `rerunfilecheck' on input line 2
82.
)
\Hy@SectionHShift=\skip59
)
(C:\Workprogs\MikTeXv29\tex\latex\geometry\geometry.sty
Package: geometry 2010/09/12 v5.6 Page Geometry
\Gm@cnth=\count133
\Gm@cntv=\count134
\c@Gm@tempcnt=\count135
\Gm@bindingoffset=\dimen140
\Gm@wd@mp=\dimen141
\Gm@odd@mp=\dimen142
\Gm@even@mp=\dimen143
\Gm@layoutwidth=\dimen144
\Gm@layoutheight=\dimen145
\Gm@layouthoffset=\dimen146
\Gm@layoutvoffset=\dimen147
\Gm@dimlist=\toks22

(C:\Workprogs\MikTeXv29\tex\latex\geometry\geometry.cfg))
(C:\Workprogs\MikTeXv29\tex\latex\pstricks\pstricks.sty
Package: pstricks 2017/03/17 v0.63 LaTeX wrapper for `PSTricks' (RN,HV)

(C:\Workprogs\MikTeXv29\tex\latex\xcolor\xcolor.sty
Package: xcolor 2016/05/11 v2.12 LaTeX color extensions (UK)

(C:\Workprogs\MikTeXv29\tex\latex\graphics-cfg\color.cfg
File: color.cfg 2016/01/02 v1.6 sample color configuration
)
Package xcolor Info: Package option `usenames' ignored on input line 216.
Package xcolor Info: Driver file: pdftex.def on input line 225.
Package xcolor Info: Model `cmy' substituted by `cmy0' on input line 1348.
Package xcolor Info: Model `hsb' substituted by `rgb' on input line 1352.
Package xcolor Info: Model `RGB' extended on input line 1364.
Package xcolor Info: Model `HTML' substituted by `rgb' on input line 1366.
Package xcolor Info: Model `Hsb' substituted by `hsb' on input line 1367.
Package xcolor Info: Model `tHsb' substituted by `hsb' on input line 1368.
Package xcolor Info: Model `HSB' substituted by `hsb' on input line 1369.
Package xcolor Info: Model `Gray' substituted by `gray' on input line 1370.
Package xcolor Info: Model `wave' substituted by `hsb' on input line 1371.

(C:\Workprogs\MikTeXv29\tex\latex\graphics\dvipsnam.def
File: dvipsnam.def 2016/06/17 v3.0m Driver-dependent file (DPC,SPQR)
))
(C:\Workprogs\MikTeXv29\tex\generic\pstricks\pstricks.tex
(C:\Workprogs\MikTeXv29\tex\generic\xkeyval\pst-xkey.tex
File: pst-xkey.tex 2005/11/25 v1.6 PSTricks specialization of xkeyval (HA)

(C:\Workprogs\MikTeXv29\tex\latex\xkeyval\xkeyval.sty
Package: xkeyval 2014/12/03 v2.7a package option processing (HA)

(C:\Workprogs\MikTeXv29\tex\generic\xkeyval\xkeyval.tex
(C:\Workprogs\MikTeXv29\tex\generic\xkeyval\xkvutils.tex
\XKV@toks=\toks23
\XKV@tempa@toks=\toks24
)
\XKV@depth=\count136
File: xkeyval.tex 2014/12/03 v2.7a key=value parser (HA)
)))
(C:\Workprogs\MikTeXv29\tex\generic\pstricks\pst-fp.tex
`pst-fp' v0.05, 2010/01/17 (hv)
\pstFP@xs=\count137
\pstFP@xia=\count138
\pstFP@xib=\count139
\pstFP@xfa=\count140
\pstFP@xfb=\count141
\pstFP@rega=\count142
\pstFP@regb=\count143
\pstFP@regs=\count144
\pstFP@times=\count145
)
(C:\Workprogs\MikTeXv29\tex\generic\pgf\utilities\pgfutil-common.tex
\pgfutil@everybye=\toks25
\pgfutil@tempdima=\dimen148
\pgfutil@tempdimb=\dimen149

(C:\Workprogs\MikTeXv29\tex\generic\pgf\utilities\pgfutil-common-lists.tex))
(C:\Workprogs\MikTeXv29\tex\generic\pgf\utilities\pgfkeys.code.tex
\pgfkeys@pathtoks=\toks26
\pgfkeys@temptoks=\toks27

(C:\Workprogs\MikTeXv29\tex\generic\pgf\utilities\pgfkeysfiltered.code.tex
\pgfkeys@tmptoks=\toks28
))
(C:\Workprogs\MikTeXv29\tex\generic\pgf\utilities\pgffor.code.tex
(C:\Workprogs\MikTeXv29\tex\generic\pgf\math\pgfmath.code.tex
(C:\Workprogs\MikTeXv29\tex\generic\pgf\math\pgfmathcalc.code.tex
(C:\Workprogs\MikTeXv29\tex\generic\pgf\math\pgfmathutil.code.tex
\pgf@x=\dimen150
\pgf@xa=\dimen151
\pgf@xb=\dimen152
\pgf@xc=\dimen153
\pgf@y=\dimen154
\pgf@ya=\dimen155
\pgf@yb=\dimen156
\pgf@yc=\dimen157
\c@pgf@counta=\count146
\c@pgf@countb=\count147
\c@pgf@countc=\count148
\c@pgf@countd=\count149
\pgfutil@tempcnta=\count150
\pgfutil@tempcntb=\count151
)
(C:\Workprogs\MikTeXv29\tex\generic\pgf\math\pgfmathparser.code.tex
\pgfmath@dimen=\dimen158
\pgfmath@count=\count152
\pgfmath@box=\box58
\pgfmath@toks=\toks29
\pgfmath@stack@operand=\toks30
\pgfmath@stack@operation=\toks31
)
(C:\Workprogs\MikTeXv29\tex\generic\pgf\math\pgfmathfunctions.code.tex
(C:\Workprogs\MikTeXv29\tex\generic\pgf\math\pgfmathfunctions.basic.code.tex)
(C:\Workprogs\MikTeXv29\tex\generic\pgf\math\pgfmathfunctions.trigonometric.cod
e.tex)
(C:\Workprogs\MikTeXv29\tex\generic\pgf\math\pgfmathfunctions.random.code.tex)
(C:\Workprogs\MikTeXv29\tex\generic\pgf\math\pgfmathfunctions.comparison.code.t
ex) (C:\Workprogs\MikTeXv29\tex\generic\pgf\math\pgfmathfunctions.base.code.tex
) (C:\Workprogs\MikTeXv29\tex\generic\pgf\math\pgfmathfunctions.round.code.tex)
(C:\Workprogs\MikTeXv29\tex\generic\pgf\math\pgfmathfunctions.misc.code.tex)
(C:\Workprogs\MikTeXv29\tex\generic\pgf\math\pgfmathfunctions.integerarithmetic
s.code.tex)))
(C:\Workprogs\MikTeXv29\tex\generic\pgf\math\pgfmathfloat.code.tex
\c@pgfmathroundto@lastzeros=\count153
))
\pgffor@iter=\dimen159
\pgffor@skip=\dimen160
\pgffor@stack=\toks32
\pgffor@toks=\toks33
)
\psLoopIndex=\count154

`PSTricks' v2.73a  <2017/05/22> (tvz)
\pst@dima=\dimen161
\pst@dimb=\dimen162
\pst@dimc=\dimen163
\pst@dimd=\dimen164
\pst@dimg=\dimen165
\pst@dimh=\dimen166
\pst@dimm=\dimen167
\pst@dimn=\dimen168
\pst@dimo=\dimen169
\pst@dimp=\dimen170
\pst@hbox=\box59
\pst@ibox=\box60
\pst@boxg=\box61
\pst@cnta=\count155
\pst@cntb=\count156
\pst@cntc=\count157
\pst@cntd=\count158
\pst@cntg=\count159
\pst@cnth=\count160
\pst@cntm=\count161
\pst@cntn=\count162
\pst@cnto=\count163
\pst@cntp=\count164
\@zero=\count165
\pst@toks=\toks34
(C:\Workprogs\MikTeXv29\tex\generic\pstricks\pstricks.con)
\psunit=\dimen171
\psxunit=\dimen172
\psyunit=\dimen173
\pst@C@@rType=\count166
\pslinewidth=\dimen174
\psk@startLW=\dimen175
\psk@endLW=\dimen176
\pst@customdefs=\toks35
\pslinearc=\dimen177
\pst@symbolStep=\dimen178
\pst@symbolWidth=\dimen179
\pst@symbolLinewidth=\dimen180
\everypsbox=\toks36
\psframesep=\dimen181
\pslabelsep=\dimen182
\sh@wgridXunit=\dimen183
\sh@wgridYunit=\dimen184
\pst@shift=\dimen185
)
File: pstricks.tex 2017/05/22 v2.73a `PSTricks' (tvz,hv)

(C:\Workprogs\MikTeXv29\tex\generic\pstricks\pst-fp.tex)
File: pst-fp.tex 2017/05/22 v2.73a `PST-fp' (hv)
)
(C:\Workprogs\MikTeXv29\tex\latex\graphics\epsfig.sty
Package: epsfig 1999/02/16 v1.7a (e)psfig emulation (SPQR)
\epsfxsize=\dimen186
\epsfysize=\dimen187
)
(C:\Workprogs\MikTeXv29\tex\latex\pst-func\pst-func.sty
Package: pst-func 2013/06/03 package wrapper for pst-func.tex (hv)

(C:\Workprogs\MikTeXv29\tex\generic\pst-func\pst-func.tex
(C:\Workprogs\MikTeXv29\tex\generic\pst-plot\pst-plot.tex
(C:\Workprogs\MikTeXv29\tex\generic\pst-tools\pst-tools.tex
`PST-tools' v0.06, 2017/05/12 (hv))
(C:\Workprogs\MikTeXv29\tex\generic\pstricks-add\pstricks-add.tex
(C:\Workprogs\MikTeXv29\tex\generic\pst-node\pst-node.tex  v1.39, 2017/01/20
\psrow=\count167
\pscol=\count168
\psmatrixcnt=\count169
\psrowsep=\skip60
\pscolsep=\skip61
\pst@args=\count170
\num@pts=\count171
\pst@argcnt=\count172
)
(C:\Workprogs\MikTeXv29\tex\generic\pst-arrow\pst-arrow.tex
`pst-arrow' v0.01, 2016/09/01 (dr,hv)
\pshooklength=\dimen188
\pshookwidth=\dimen189
)
(C:\Workprogs\MikTeXv29\tex\generic\pst-3d\pst-3d.tex
`PST-3d' v1.11, 2010/02/14 (tvz))
(C:\Workprogs\MikTeXv29\tex\generic\multido\multido.tex
 v1.42, 2010/05/14 <tvz>
\multido@count=\count173
\multidocount=\count174
\multido@stuff=\toks37
)
(C:\Workprogs\MikTeXv29\tex\generic\pst-math\pst-math.tex
`pst-math' v0.63 , (CJ,hv)) `pstricks-add' v3.83, 2017/05/10 (dr,hv)
\psparallelogramsep=\dimen190
\pst@cntC=\count175
\chart@ColorIndex=\dimen191
\chart@ColorStep=\dimen192
\pst@chartHeight=\dimen193
\pst@chartStackDepth=\dimen194
\pst@chartStackWidth=\dimen195
\chart@Toggle=\count176
\psVectorCtr=\count177
)
(C:\Workprogs\MikTeXv29\tex\generic\multido\multido.tex
 v1.42, 2010/05/14 <tvz>)  v1.79, 2017/05/22 (tvz,hv)
\pstRadUnit=\dimen196
\pstRadUnitInv=\dimen197
\pst@linecnt=\count178
\RCD@file=\read1
\psxlabelsep=\dimen198
\psylabelsep=\dimen199
\psk@subticksize=\dimen256
\pst@xticksizeA=\dimen257
\pst@xticksizeB=\dimen258
\pst@xticksizeC=\dimen259
\pst@yticksizeA=\dimen260
\pst@yticksizeB=\dimen261
\pst@yticksizeC=\dimen262
\@digitcounter=\count179
\psk@llx=\dimen263
\psk@lly=\dimen264
\psk@urx=\dimen265
\psk@ury=\dimen266
\pst@xunit=\dimen267
\pst@yunit=\dimen268
)
(C:\Workprogs\MikTeXv29\tex\generic\pst-math\pst-math.tex)
`PST-func' v0.86, 2017/06/21 (hv)
\psk@zeroLineWidth=\dimen269
)
File: pst-func.tex 2017/06/21 v0.86 `PST-func' (hv)
)
(C:\Workprogs\MikTeXv29\tex\latex\lineno\lineno.sty
Package: lineno 2005/11/02 line numbers on paragraphs v4.41
\linenopenalty=\count180
\output=\toks38
\linenoprevgraf=\count181
\linenumbersep=\dimen270
\linenumberwidth=\dimen271
\c@linenumber=\count182
\c@pagewiselinenumber=\count183
\c@LN@truepage=\count184
\c@internallinenumber=\count185
\c@internallinenumbers=\count186
\quotelinenumbersep=\dimen272
\bframerule=\dimen273
\bframesep=\dimen274
\bframebox=\box62
LaTeX Info: Redefining \\ on input line 3056.
)
(C:\Workprogs\MikTeXv29\tex\latex\wrapfig\wrapfig.sty
\wrapoverhang=\dimen275
\WF@size=\dimen276
\c@WF@wrappedlines=\count187
\WF@box=\box63
\WF@everypar=\toks39
Package: wrapfig 2003/01/31  v 3.6
)
(C:\Workprogs\MikTeXv29\tex\latex\graphics\lscape.sty
Package: lscape 2000/10/22 v3.01 Landscape Pages (DPC)
)
(C:\Workprogs\MikTeXv29\tex\latex\graphics\rotating.sty
Package: rotating 2016/08/11 v2.16d rotated objects in LaTeX

(C:\Workprogs\MikTeXv29\tex\latex\base\ifthen.sty
Package: ifthen 2014/09/29 v1.1c Standard LaTeX ifthen package (DPC)
)
\c@r@tfl@t=\count188
\rotFPtop=\skip62
\rotFPbot=\skip63
\rot@float@box=\box64
\rot@mess@toks=\toks40
)
(C:\Workprogs\MikTeXv29\tex\latex\oberdiek\epstopdf.sty
Package: epstopdf 2016/05/15 v2.6 Conversion with epstopdf on the fly (HO)

(C:\Workprogs\MikTeXv29\tex\latex\oberdiek\epstopdf-base.sty
Package: epstopdf-base 2016/05/15 v2.6 Base part for package epstopdf

(C:\Workprogs\MikTeXv29\tex\latex\oberdiek\grfext.sty
Package: grfext 2016/05/16 v1.2 Manage graphics extensions (HO)
)
Package epstopdf-base Info: Redefining graphics rule for `.eps' on input line 4
38.
Package grfext Info: Graphics extension search list:
(grfext)             [.png,.pdf,.jpg,.mps,.jpeg,.jbig2,.jb2,.PNG,.PDF,.JPG,.JPE
G,.JBIG2,.JB2,.eps]
(grfext)             \AppendGraphicsExtensions on input line 456.
)) (MLSB.aux)
\openout1 = `MLSB.aux'.

LaTeX Font Info:    Checking defaults for OML/cmm/m/it on input line 21.
LaTeX Font Info:    ... okay on input line 21.
LaTeX Font Info:    Checking defaults for T1/cmr/m/n on input line 21.
LaTeX Font Info:    ... okay on input line 21.
LaTeX Font Info:    Checking defaults for OT1/cmr/m/n on input line 21.
LaTeX Font Info:    ... okay on input line 21.
LaTeX Font Info:    Checking defaults for OMS/cmsy/m/n on input line 21.
LaTeX Font Info:    ... okay on input line 21.
LaTeX Font Info:    Checking defaults for OMX/cmex/m/n on input line 21.
LaTeX Font Info:    ... okay on input line 21.
LaTeX Font Info:    Checking defaults for U/cmr/m/n on input line 21.
LaTeX Font Info:    ... okay on input line 21.
LaTeX Font Info:    Checking defaults for PD1/pdf/m/n on input line 21.
LaTeX Font Info:    ... okay on input line 21.

(C:\Workprogs\MikTeXv29\tex\context\base\supp-pdf.mkii
[Loading MPS to PDF converter (version 2006.09.02).]
\scratchcounter=\count189
\scratchdimen=\dimen277
\scratchbox=\box65
\nofMPsegments=\count190
\nofMParguments=\count191
\everyMPshowfont=\toks41
\MPscratchCnt=\count192
\MPscratchDim=\dimen278
\MPnumerator=\count193
\makeMPintoPDFobject=\count194
\everyMPtoPDFconversion=\toks42
)
Package caption Info: Begin \AtBeginDocument code.
Package caption Info: hyperref package is loaded.
Package caption Info: rotating package is loaded.
Package caption Info: subfigure package is loaded.
Package caption Info: wrapfig package is loaded.
Package caption Info: End \AtBeginDocument code.
\AtBeginShipoutBox=\box66
Package hyperref Info: Link coloring ON on input line 21.
 (C:\Workprogs\MikTeXv29\tex\latex\hyperref\nameref.sty
Package: nameref 2016/05/21 v2.44 Cross-referencing by name of section

(C:\Workprogs\MikTeXv29\tex\generic\oberdiek\gettitlestring.sty
Package: gettitlestring 2016/05/16 v1.5 Cleanup title references (HO)
)
\c@section@level=\count195
)
LaTeX Info: Redefining \ref on input line 21.
LaTeX Info: Redefining \pageref on input line 21.
LaTeX Info: Redefining \nameref on input line 21.
 (MLSB.out)
(MLSB.out)
\@outlinefile=\write4
\openout4 = `MLSB.out'.


*geometry* driver: auto-detecting
*geometry* detected driver: pdftex
*geometry* verbose mode - [ preamble ] result:
* driver: pdftex
* paper: <default>
* layout: <same size as paper>
* layoutoffset:(h,v)=(0.0pt,0.0pt)
* modes: 
* h-part:(L,W,R)=(86.72377pt, 440.84746pt, 86.72377pt)
* v-part:(T,H,B)=(72.26999pt, 650.43001pt, 72.26999pt)
* \paperwidth=614.295pt
* \paperheight=794.96999pt
* \textwidth=440.84746pt
* \textheight=650.43001pt
* \oddsidemargin=14.45378pt
* \evensidemargin=14.45378pt
* \topmargin=0.0pt
* \headheight=0.0pt
* \headsep=0.0pt
* \topskip=10.0pt
* \footskip=30.0pt
* \marginparwidth=65.0pt
* \marginparsep=11.0pt
* \columnsep=10.0pt
* \skip\footins=24.0pt
* \hoffset=0.0pt
* \voffset=0.0pt
* \mag=1000
* \@twocolumnfalse
* \@twosidefalse
* \@mparswitchfalse
* \@reversemarginfalse
* (1in=72.27pt=25.4mm, 1cm=28.453pt)

Package atveryend Info: Empty hook `BeforeClearDocument' on input line 73.
[1
Non-PDF special ignored!
Non-PDF special ignored!
Non-PDF special ignored!
Non-PDF special ignored!
Non-PDF special ignored!
Non-PDF special ignored!
Non-PDF special ignored!
Non-PDF special ignored!
Non-PDF special ignored!


Non-PDF special ignored!
Non-PDF special ignored!
Non-PDF special ignored!
Non-PDF special ignored!

{C:/ProgramData/MiKTeX/2.9/pdftex/config/pdftex.map}]
Package atveryend Info: Empty hook `AfterLastShipout' on input line 73.

(MLSB.aux)
Package atveryend Info: Executing hook `AtVeryEndDocument' on input line 73.
Package atveryend Info: Executing hook `AtEndAfterFileList' on input line 73.
Package rerunfilecheck Info: File `MLSB.out' has not changed.
(rerunfilecheck)             Checksum: E2B7CB03F286600D267F80EF42069655;238.
Package atveryend Info: Empty hook `AtVeryVeryEnd' on input line 73.
 ) 
Here is how much of TeX's memory you used:
 17730 strings out of 493323
 292695 string characters out of 3141244
 469833 words of memory out of 3000000
 21006 multiletter control sequences out of 15000+200000
 8532 words of font info for 31 fonts, out of 3000000 for 9000
 1141 hyphenation exceptions out of 8191
 40i,7n,54p,730b,332s stack positions out of 5000i,500n,10000p,200000b,50000s
<C:/Workprogs/MikTeXv29/fonts/type1/public/amsfonts/cm/cmbx10.pfb><C:/Workpro
gs/MikTeXv29/fonts/type1/public/amsfonts/cm/cmr10.pfb><C:/Workprogs/MikTeXv29/f
onts/type1/public/amsfonts/cm/cmr12.pfb><C:/Workprogs/MikTeXv29/fonts/type1/pub
lic/amsfonts/cm/cmr7.pfb><C:/Workprogs/MikTeXv29/fonts/type1/public/amsfonts/cm
/cmr8.pfb><C:/Workprogs/MikTeXv29/fonts/type1/public/amsfonts/cm/cmti7.pfb><C:/
Workprogs/MikTeXv29/fonts/type1/public/amsfonts/cm/cmti8.pfb><C:/Workprogs/MikT
eXv29/fonts/type1/public/amsfonts/cm/cmtt8.pfb>
Output written on MLSB.pdf (1 page, 103646 bytes).
PDF statistics:
 71 PDF objects out of 1000 (max. 8388607)
 12 named destinations out of 1000 (max. 500000)
 41 words of extra memory for PDF output out of 10000 (max. 10000000)

